<?xml version="1.0" encoding="UTF-8"?>
<testng-results ignored="0" total="1" passed="1" failed="0" skipped="0">
  <reporter-output>
  </reporter-output>
  <suite started-at="2025-09-24T18:30:26 IST" name="Default suite" finished-at="2025-09-24T18:30:28 IST" duration-ms="1715">
    <groups>
    </groups>
    <test started-at="2025-09-24T18:30:26 IST" name="Default test" finished-at="2025-09-24T18:30:28 IST" duration-ms="1715">
      <class name="com.api.tests.LoginAPITest">
        <test-method signature="loginTest()[pri:0, instance:com.api.tests.LoginAPITest@59309333]" started-at="2025-09-24T18:30:26 IST" name="loginTest" description="Verify if login API is Working..." finished-at="2025-09-24T18:30:28 IST" duration-ms="1664" status="PASS">
          <reporter-output>
          </reporter-output>
        </test-method> <!-- loginTest -->
      </class> <!-- com.api.tests.LoginAPITest -->
    </test> <!-- Default test -->
  </suite> <!-- Default suite -->
</testng-results>
