<?xml version="1.0" encoding="UTF-8"?>
<testng-results ignored="0" total="1" passed="1" failed="0" skipped="0">
  <reporter-output>
  </reporter-output>
  <suite started-at="2025-09-24T23:52:19 IST" name="Default suite" finished-at="2025-09-24T23:52:22 IST" duration-ms="2407">
    <groups>
    </groups>
    <test started-at="2025-09-24T23:52:19 IST" name="Default test" finished-at="2025-09-24T23:52:22 IST" duration-ms="2407">
      <class name="com.api.tests.Login">
        <test-method signature="loginTest()[pri:0, instance:com.api.tests.Login@6c64cb25]" started-at="2025-09-24T23:52:19 IST" name="loginTest" description="Verify if login API is Working..." finished-at="2025-09-24T23:52:22 IST" duration-ms="2342" status="PASS">
          <reporter-output>
          </reporter-output>
        </test-method> <!-- loginTest -->
      </class> <!-- com.api.tests.Login -->
    </test> <!-- Default test -->
  </suite> <!-- Default suite -->
</testng-results>
